0 info it worked if it ends with ok
1 verbose cli [ '/usr/local/bin/node', '/usr/local/bin/npm', 'publish' ]
2 info using npm@3.10.3
3 info using node@v6.4.0
4 verbose publish [ '.' ]
5 silly cache add args [ '.', null ]
6 verbose cache add spec .
7 silly cache add parsed spec Result {
7 silly cache add   raw: '.',
7 silly cache add   scope: null,
7 silly cache add   escapedName: null,
7 silly cache add   name: null,
7 silly cache add   rawSpec: '.',
7 silly cache add   spec: '/Users/josep/Documents/node/rxmodel',
7 silly cache add   type: 'directory' }
8 verbose addLocalDirectory /Users/josep/.npm/nexo/0.0.4/package.tgz not in flight; packing
9 verbose correctMkdir /Users/josep/.npm correctMkdir not in flight; initializing
10 info lifecycle nexo@0.0.4~prepublish: nexo@0.0.4
11 silly lifecycle nexo@0.0.4~prepublish: no script for prepublish, continuing
12 verbose tar pack [ '/Users/josep/.npm/nexo/0.0.4/package.tgz',
12 verbose tar pack   '/Users/josep/Documents/node/rxmodel' ]
13 verbose tarball /Users/josep/.npm/nexo/0.0.4/package.tgz
14 verbose folder /Users/josep/Documents/node/rxmodel
15 verbose addLocalTarball adding from inside cache /Users/josep/.npm/nexo/0.0.4/package.tgz
16 verbose correctMkdir /Users/josep/.npm correctMkdir not in flight; initializing
17 silly cache afterAdd nexo@0.0.4
18 verbose afterAdd /Users/josep/.npm/nexo/0.0.4/package/package.json not in flight; writing
19 verbose correctMkdir /Users/josep/.npm correctMkdir not in flight; initializing
20 verbose afterAdd /Users/josep/.npm/nexo/0.0.4/package/package.json written
21 silly publish { name: 'nexo',
21 silly publish   version: '0.0.4',
21 silly publish   description: 'Reactive Models',
21 silly publish   main: 'nexo.js',
21 silly publish   scripts: { test: 'echo "Error: no test specified" && exit 1' },
21 silly publish   repository:
21 silly publish    { type: 'git',
21 silly publish      url: 'git+https://github.com/warlock/rxmodel.git' },
21 silly publish   author: '',
21 silly publish   license: 'MIT',
21 silly publish   bugs: { url: 'https://github.com/warlock/nexo/issues' },
21 silly publish   homepage: 'https://github.com/warlock/nexo#readme',
21 silly publish   readme: 'PROJECT IN DEVELOPMENT\nPRE-BETA\n',
21 silly publish   readmeFilename: 'README.md',
21 silly publish   gitHead: '3da7c52a0b17e05c1db3f46e222d667c73cb435d',
21 silly publish   _id: 'nexo@0.0.4',
21 silly publish   _shasum: 'c16d075ed64c64963db0cc5d52f325519fa44214',
21 silly publish   _from: '.' }
22 verbose getPublishConfig undefined
23 silly mapToRegistry name nexo
24 silly mapToRegistry using default registry
25 silly mapToRegistry registry https://registry.npmjs.org/
26 silly mapToRegistry data Result {
26 silly mapToRegistry   raw: 'nexo',
26 silly mapToRegistry   scope: null,
26 silly mapToRegistry   escapedName: 'nexo',
26 silly mapToRegistry   name: 'nexo',
26 silly mapToRegistry   rawSpec: '',
26 silly mapToRegistry   spec: 'latest',
26 silly mapToRegistry   type: 'tag' }
27 silly mapToRegistry uri https://registry.npmjs.org/nexo
28 verbose publish registryBase https://registry.npmjs.org/
29 silly publish uploading /Users/josep/.npm/nexo/0.0.4/package.tgz
30 verbose request uri https://registry.npmjs.org/nexo
31 verbose request sending authorization for write operation
32 info attempt registry request try #1 at 07:42:30
33 verbose request using bearer token for auth
34 verbose request id 8ffc152847c5a973
35 http request PUT https://registry.npmjs.org/nexo
36 http 403 https://registry.npmjs.org/nexo
37 verbose headers { 'content-type': 'application/json',
37 verbose headers   'cache-control': 'max-age=300',
37 verbose headers   'content-length': '95',
37 verbose headers   'accept-ranges': 'bytes',
37 verbose headers   date: 'Sun, 21 Aug 2016 05:42:32 GMT',
37 verbose headers   via: '1.1 varnish',
37 verbose headers   connection: 'keep-alive',
37 verbose headers   'x-served-by': 'cache-lhr6347-LHR',
37 verbose headers   'x-cache': 'MISS',
37 verbose headers   'x-cache-hits': '0',
37 verbose headers   'x-timer': 'S1471758151.154930,VS0,VE932',
37 verbose headers   vary: 'Accept-Encoding' }
38 verbose request invalidating /Users/josep/.npm/registry.npmjs.org/nexo on PUT
39 error publish Failed PUT 403
40 verbose stack Error: "You cannot publish over the previously published version 0.0.4." : nexo
40 verbose stack     at makeError (/usr/local/lib/node_modules/npm/node_modules/npm-registry-client/lib/request.js:264:12)
40 verbose stack     at CachingRegistryClient.<anonymous> (/usr/local/lib/node_modules/npm/node_modules/npm-registry-client/lib/request.js:252:14)
40 verbose stack     at Request._callback (/usr/local/lib/node_modules/npm/node_modules/npm-registry-client/lib/request.js:172:14)
40 verbose stack     at Request.self.callback (/usr/local/lib/node_modules/npm/node_modules/request/request.js:200:22)
40 verbose stack     at emitTwo (events.js:106:13)
40 verbose stack     at Request.emit (events.js:191:7)
40 verbose stack     at Request.<anonymous> (/usr/local/lib/node_modules/npm/node_modules/request/request.js:1067:10)
40 verbose stack     at emitOne (events.js:101:20)
40 verbose stack     at Request.emit (events.js:188:7)
40 verbose stack     at IncomingMessage.<anonymous> (/usr/local/lib/node_modules/npm/node_modules/request/request.js:988:12)
41 verbose statusCode 403
42 verbose pkgid nexo
43 verbose cwd /Users/josep/Documents/node/rxmodel
44 error Darwin 15.6.0
45 error argv "/usr/local/bin/node" "/usr/local/bin/npm" "publish"
46 error node v6.4.0
47 error npm  v3.10.3
48 error code E403
49 error "You cannot publish over the previously published version 0.0.4." : nexo
50 error If you need help, you may report this error at:
50 error     <https://github.com/npm/npm/issues>
51 verbose exit [ 1, true ]
